<?xml version="1.0" encoding="UTF-8"?><testsuite errors="1" failures="0" name="consultarCotizacion" skipped="0" tests="1" time="39.87" timestamp="2023-07-27 11:02:49"><testcase name="Consultar cotizacion"><error message="Timed out after 2 seconds. Element not found&#10;For documentation on this error, please visit: https://www.seleniumhq.org/exceptions/no_such_element.html&#10;Build info: version: '3.141.59', revision: 'e82be7d358', time: '2018-11-14T08:17:03'&#10;System info: host: 'QV-4163', ip: '192.168.101.131', os.name: 'Windows 10', os.arch: 'amd64', os.version: '10.0', java.version: '1.8.0_202'&#10;Driver info: driver.version: RemoteWebDriver&#10;For documentation on this error, please visit: https://www.seleniumhq.org/exceptions/no_such_element.html&#10;Build info: version: '3.141.59', revision: 'e82be7d358', time: '2018-11-14T08:17:03'&#10;System info: host: 'QV-4163', ip: '192.168.101.131', os.name: 'Windows 10', os.arch: 'amd64', os.version: '10.0', java.version: '1.8.0_202'&#10;Driver info: driver.version: unknown" type="org.openqa.selenium.NoSuchElementException">Timed out after 2 seconds. Element not found
For documentation on this error, please visit: https://www.seleniumhq.org/exceptions/no_such_element.html
Build info: version: '3.141.59', revision: 'e82be7d358', time: '2018-11-14T08:17:03'
System info: host: 'QV-4163', ip: '192.168.101.131', os.name: 'Windows 10', os.arch: 'amd64', os.version: '10.0', java.version: '1.8.0_202'
Driver info: driver.version: RemoteWebDriver
For documentation on this error, please visit: https://www.seleniumhq.org/exceptions/no_such_element.html
Build info: version: '3.141.59', revision: 'e82be7d358', time: '2018-11-14T08:17:03'
System info: host: 'QV-4163', ip: '192.168.101.131', os.name: 'Windows 10', os.arch: 'amd64', os.version: '10.0', java.version: '1.8.0_202'
Driver info: driver.version: unknown</error><system-err>Timed out after 2 seconds. Element not found
For documentation on this error, please visit: https://www.seleniumhq.org/exceptions/no_such_element.html
Build info: version: '3.141.59', revision: 'e82be7d358', time: '2018-11-14T08:17:03'
System info: host: 'QV-4163', ip: '192.168.101.131', os.name: 'Windows 10', os.arch: 'amd64', os.version: '10.0', java.version: '1.8.0_202'
Driver info: driver.version: RemoteWebDriver
For documentation on this error, please visit: https://www.seleniumhq.org/exceptions/no_such_element.html
Build info: version: '3.141.59', revision: 'e82be7d358', time: '2018-11-14T08:17:03'
System info: host: 'QV-4163', ip: '192.168.101.131', os.name: 'Windows 10', os.arch: 'amd64', os.version: '10.0', java.version: '1.8.0_202'
Driver info: driver.version: unknown&#13;
com.Pages.consultaCotizacionPage.clickencotizacion(consultaCotizacionPage.java:99)&#13;
com.Steps.stepConsultaCotizacion.clickenlace(stepConsultaCotizacion.java:53)&#13;
co.com.simonVentas.stepdefinitions.consultarCotizacionStepDefnition.doyClickEnElNumeroDeCotizacion(consultarCotizacionStepDefnition.java:54)&#13;
✽.Doy click en el numero de cotizacion(file:///C:/Users/Victor%20perez/Downloads/SimonVentas/src/test/resources/features/consultaCotizacion.feature:14)&#13;
</system-err></testcase></testsuite>