<?xml version="1.0" encoding="UTF-8"?><testsuite errors="0" failures="1" name="Loguearse en la pagina de GuardianPruebas" skipped="0" tests="1" time="0.87" timestamp="2023-07-02 02:51:29"><testcase name="Login The Guardian"><failure message="Undefined default URL for page object PageObject" type="java.lang.AssertionError">Undefined default URL for page object PageObject</failure><system-err>Undefined default URL for page object PageObject&#13;
com.Steps.stepLogin.openPage(stepLogin.java:11)&#13;
co.com.simonVentas.stepdefinitions.loginStepDefinition.queIngresoALaPaginaHttpSimonQuotationLogin(loginStepDefinition.java:16)&#13;
✽.que ingreso a la pagina http://10.1.20.15:2082/SimonQuotation/login(file:///C:/Users/QV-4555/Downloads/SimonVentas/src/test/resources/features/login.feature:4)&#13;
</system-err></testcase></testsuite>